<?xml version="1.0" encoding="UTF-8"?>
<testng-results ignored="0" total="8" passed="8" failed="0" skipped="0">
  <reporter-output>
  </reporter-output>
  <suite started-at="2023-03-24T00:16:20 EDT" name="Default suite" finished-at="2023-03-24T00:16:25 EDT" duration-ms="4704">
    <groups>
    </groups>
    <test started-at="2023-03-24T00:16:20 EDT" name="Default test" finished-at="2023-03-24T00:16:25 EDT" duration-ms="4704">
      <class name="tests.Auth_Controller_Crud">
        <test-method is-config="true" signature="setUp()[pri:0, instance:tests.Auth_Controller_Crud@5e600dd5]" started-at="2023-03-24T00:16:20 EDT" name="setUp" finished-at="2023-03-24T00:16:20 EDT" duration-ms="27" status="PASS">
          <reporter-output>
          </reporter-output>
        </test-method> <!-- setUp -->
        <test-method signature="get_all_users_functionality()[pri:1, instance:tests.Auth_Controller_Crud@5e600dd5]" started-at="2023-03-24T00:16:20 EDT" name="get_all_users_functionality" finished-at="2023-03-24T00:16:23 EDT" duration-ms="3225" status="PASS">
          <reporter-output>
          </reporter-output>
        </test-method> <!-- get_all_users_functionality -->
        <test-method signature="register_users()[pri:2, instance:tests.Auth_Controller_Crud@5e600dd5]" started-at="2023-03-24T00:16:23 EDT" name="register_users" finished-at="2023-03-24T00:16:24 EDT" duration-ms="635" status="PASS">
          <reporter-output>
          </reporter-output>
        </test-method> <!-- register_users -->
        <test-method signature="create_authentic_user()[pri:3, instance:tests.Auth_Controller_Crud@5e600dd5]" started-at="2023-03-24T00:16:24 EDT" name="create_authentic_user" finished-at="2023-03-24T00:16:24 EDT" duration-ms="211" status="PASS">
          <reporter-output>
          </reporter-output>
        </test-method> <!-- create_authentic_user -->
        <test-method signature="get_user()[pri:4, instance:tests.Auth_Controller_Crud@5e600dd5]" started-at="2023-03-24T00:16:24 EDT" name="get_user" finished-at="2023-03-24T00:16:24 EDT" duration-ms="109" status="PASS">
          <reporter-output>
          </reporter-output>
        </test-method> <!-- get_user -->
        <test-method signature="update_user()[pri:5, instance:tests.Auth_Controller_Crud@5e600dd5]" started-at="2023-03-24T00:16:24 EDT" name="update_user" finished-at="2023-03-24T00:16:25 EDT" duration-ms="92" status="PASS">
          <reporter-output>
          </reporter-output>
        </test-method> <!-- update_user -->
        <test-method signature="getuser()[pri:6, instance:tests.Auth_Controller_Crud@5e600dd5]" started-at="2023-03-24T00:16:25 EDT" name="getuser" finished-at="2023-03-24T00:16:25 EDT" duration-ms="118" status="PASS">
          <reporter-output>
          </reporter-output>
        </test-method> <!-- getuser -->
        <test-method signature="delete_user()[pri:7, instance:tests.Auth_Controller_Crud@5e600dd5]" started-at="2023-03-24T00:16:25 EDT" name="delete_user" finished-at="2023-03-24T00:16:25 EDT" duration-ms="106" status="PASS">
          <reporter-output>
          </reporter-output>
        </test-method> <!-- delete_user -->
        <test-method signature="get_deleted_user()[pri:8, instance:tests.Auth_Controller_Crud@5e600dd5]" started-at="2023-03-24T00:16:25 EDT" name="get_deleted_user" finished-at="2023-03-24T00:16:25 EDT" duration-ms="82" status="PASS">
          <reporter-output>
          </reporter-output>
        </test-method> <!-- get_deleted_user -->
      </class> <!-- tests.Auth_Controller_Crud -->
    </test> <!-- Default test -->
  </suite> <!-- Default suite -->
</testng-results>
